<?xml version="1.0" encoding="UTF-8"?>
<!-- Generated by org.testng.reporters.JUnitReportReporter -->
<testsuite hostname="Ajinkya-More" failures="0" tests="1" name="CICDTestMaven.CICDTest.cicdTest" time="2.267" errors="0" timestamp="2023-07-24T23:49:16 IST" skipped="0">
  <testcase classname="CICDTestMaven.CICDTest.cicdTest" name="cicd" time="2.267"/>
  <system-out/>
</testsuite> <!-- CICDTestMaven.CICDTest.cicdTest -->
