<?xml version="1.0" encoding="UTF-8"?>
<!-- Generated by org.testng.reporters.JUnitReportReporter -->
<testsuite hostname="Ajinkya-More" failures="0" tests="1" name="CICDTestMaven.CICDTest.cicdTest" time="4.267" errors="0" timestamp="2023-08-01T12:25:17 IST" skipped="0">
  <testcase classname="CICDTestMaven.CICDTest.cicdTest" name="cicd" time="4.267"/>
  <system-out/>
</testsuite> <!-- CICDTestMaven.CICDTest.cicdTest -->
