<?xml version="1.0" encoding="UTF-8"?>
<!-- Generated by org.testng.reporters.JUnitReportReporter -->
<testsuite hostname="Ajinkya-More" failures="0" tests="1" name="CICDTestMaven.CICDTest.cicdTest" time="2.478" errors="0" timestamp="2023-07-26T15:07:07 IST" skipped="0">
  <testcase classname="CICDTestMaven.CICDTest.cicdTest" name="cicd" time="2.478"/>
  <system-out/>
</testsuite> <!-- CICDTestMaven.CICDTest.cicdTest -->
